1588697650737	mozrunner::runner	INFO	Running command: "C:\\Program Files\\Mozilla Firefox\\firefox.exe" "-marionette" "-foreground" "-no-remote" "-profile" "C:\\Users\\Bilal\\AppData\\Local\\Temp\\rust_mozprofile.9idI4J6Lxqf9"
1588697651443	addons.webextension.screenshots@mozilla.org	WARN	Loading extension 'screenshots@mozilla.org': Reading manifest: Invalid extension permission: mozillaAddons
1588697651444	addons.webextension.screenshots@mozilla.org	WARN	Loading extension 'screenshots@mozilla.org': Reading manifest: Invalid extension permission: resource://pdf.js/
1588697651444	addons.webextension.screenshots@mozilla.org	WARN	Loading extension 'screenshots@mozilla.org': Reading manifest: Invalid extension permission: about:reader*
1588697655125	Marionette	INFO	Listening on port 52356
1588697655223	Marionette	WARN	TLS certificate errors will be ignored for this session
JavaScript warning: https://www.just-eat.co.uk/_Incapsula_Resource?SWJIYLWA=719d34d31c8e3a6e6fffd425f7e032f3&ns=1&cb=1829067800, line 1: unreachable code after return statement
JavaScript warning: https://www.just-eat.co.uk/_Incapsula_Resource?SWJIYLWA=719d34d31c8e3a6e6fffd425f7e032f3&ns=1&cb=1829067800, line 1: unreachable code after return statement
JavaScript warning: https://www.just-eat.co.uk/_Incapsula_Resource?SWJIYLWA=719d34d31c8e3a6e6fffd425f7e032f3&ns=1&cb=1829067800, line 1: unreachable code after return statement
JavaScript warning: https://www.just-eat.co.uk/_Incapsula_Resource?SWJIYLWA=719d34d31c8e3a6e6fffd425f7e032f3&ns=1&cb=1829067800 line 1 > eval, line 1: unreachable code after return statement
JavaScript warning: https://www.just-eat.co.uk/_Incapsula_Resource?SWJIYLWA=719d34d31c8e3a6e6fffd425f7e032f3&ns=1&cb=1829067800 line 1 > eval, line 1: unreachable code after return statement
JavaScript error: https://w.usabilla.com/94d4247558ce.js?lv=1, line 18: TypeError: g.location is null
console.error: BroadcastService: 
  receivedBroadcastMessage: handler for
  remote-settings/monitor_changes
  threw error:
  Message: Error: Polling for changes failed: NetworkError when attempting to fetch resource..
  Stack:
    remoteSettingsFunction/remoteSettings.pollChanges@resource://services-settings/remote-settings.js:190:13

JavaScript error: https://w.usabilla.com/94d4247558ce.js?lv=1, line 18: TypeError: g.location is null
1588697802716	Marionette	INFO	Stopped listening on port 52356
[Child 5172, Chrome_ChildThread] WARNING: pipe error: 109: file z:/build/build/src/ipc/chromium/src/chrome/common/ipc_channel_win.cc, line 332
[Child 5172, Chrome_ChildThread] WARNING: pipe error: 109: file z:/build/build/src/ipc/chromium/src/chrome/common/ipc_channel_win.cc, line 332
[Parent 8780, Gecko_IOThread] WARNING: pipe error: 109: file z:/build/build/src/ipc/chromium/src/chrome/common/ipc_channel_win.cc, line 332

###!!! [Child][RunMessage] Error: Channel closing: too late to send/recv, messages will be lost

[GPU 11344, Chrome_Ch
###!!! [Child][MessageChannel::SendAndWait] Error: Channel error: cannot send/recv

ld/src/ipc/chromium/src/chrome/common/ipc_channel_win.cc, line 332
[Child 11064, Chrome[Parent 11088, Gecko_IOThread] WARNING: pipe error: 109: file z:/build/build/src/ipc/chromium/src/chrome/common/ipc_channel_win.cc, line 332
[Child 12000, Chrome_ChildThread] WARNING: pipe error: 109: file z:/build/build/src/ipc/chromium/src/chrome/common/ipc_channel_win.cc, line 332

###!!! [Child][RunMessage] Error: Channel closing: too late to send/recv, messages will be lost

[GPU 10384
###!!! [Child][MessageChannel::SendAndWait] Error: Channel error: cannot send/recv

d][MessageChannel::SendAndWait] Error: Channel error: cannot send/recv

11084
###!!! [Child][MessageChannel::SendAndWait] Error: Channel error: cannot send/recv

